<?xml version="1.0" encoding="UTF-8"?>
<testsuite xmlns:xsi="http://www.w3.org/2001/XMLSchema-instance" xsi:noNamespaceSchemaLocation="https://maven.apache.org/surefire/maven-surefire-plugin/xsd/surefire-test-report-3.0.xsd" version="3.0" name="TestSuite" time="27.951" tests="3" errors="0" skipped="0" failures="1">
  <properties>
[...]
</properties>
  <testcase name="testNotificationAndGeoLocation" classname="TestNotificationAndGeoLocation" time="1.277">
    <failure message="Test testNotificationAndGeoLocation failed: The element &apos;By.id: com.lambdatest.proverbial:id/notification&apos; does not exist in DOM anymore&#10;For documentation on this error, please visit: https://www.seleniumhq.org/exceptions/stale_element_reference.html&#10;Build info: version: &apos;3.141.59&apos;, revision: &apos;e82be7d358&apos;, time: &apos;2018-11-14T08:17:03&apos;&#10;System info: host: &apos;LT-LP-227&apos;, ip: &apos;192.168.29.232&apos;, os.name: &apos;Windows 11&apos;, os.arch: &apos;amd64&apos;, os.version: &apos;10.0&apos;, java.version: &apos;21.0.2&apos;&#10;Driver info: io.appium.java_client.AppiumDriver&#10;Capabilities {adbExecTimeout: 120000, appActivity: com.lambdatest.proverbial.M..., appPackage: com.lambdatest.proverbial, autoAcceptAlerts: true, automationName: uiautomator2, chromeOptions: {args: []}, chromedriverExecutableDir: /appium/assets/drivers/chro..., chromedriverPorts: [[11001, 11049]], databaseEnabled: false, desired: {adbExecTimeout: 120000, appActivity: com.lambdatest.proverbial.M..., appPackage: com.lambdatest.proverbial, autoAcceptAlerts: true, automationName: uiautomator2, chromeOptions: {args: []}, chromedriverExecutableDir: /appium/assets/drivers/chro..., chromedriverPorts: [[11001, 11049]], deviceName: Galaxy S23+, headless: false, mode: cloud, nativeWebScreenshot: true, newCommandTimeout: 0, orientation: PORTRAIT, platformName: android, platformVersion: 13, skipLogcatCapture: true, systemPort: 12154, udid: RZCW20S8H4N, uiautomator2ServerLaunchTimeout: 60000, waitForQuiescence: false}, deviceApiLevel: 33, deviceManufacturer: samsung, deviceModel: SM-S916B, deviceName: RZCW20S8H4N, deviceScreenDensity: 450, deviceScreenSize: 1080x2340, deviceUDID: RZCW20S8H4N, headless: false, javascriptEnabled: true, locationContextEnabled: false, mode: cloud, nativeWebScreenshot: true, networkConnectionEnabled: true, newCommandTimeout: 0, orientation: PORTRAIT, pixelRatio: 2.8125, platform: LINUX, platformName: Android, platformVersion: 13, skipLogcatCapture: true, statBarHeight: 74, systemPort: 12154, takesScreenshot: true, udid: RZCW20S8H4N, uiautomator2ServerLaunchTimeout: 60000, viewportRect: {height: 2057, left: 0, top: 74, width: 1080}, waitForQuiescence: false, warnings: {}, webStorageEnabled: false}&#10;Session ID: 31a09cbe-391f-43e1-b579-1f9d788697d9" type="java.lang.RuntimeException"><![CDATA[java.lang.RuntimeException: 
Test testNotificationAndGeoLocation failed: The element 'By.id: com.lambdatest.proverbial:id/notification' does not exist in DOM anymore
For documentation on this error, please visit: https://www.seleniumhq.org/exceptions/stale_element_reference.html
Build info: version: '3.141.59', revision: 'e82be7d358', time: '2018-11-14T08:17:03'
System info: host: 'LT-LP-227', ip: '192.168.29.232', os.name: 'Windows 11', os.arch: 'amd64', os.version: '10.0', java.version: '21.0.2'
Driver info: io.appium.java_client.AppiumDriver
Capabilities {adbExecTimeout: 120000, appActivity: com.lambdatest.proverbial.M..., appPackage: com.lambdatest.proverbial, autoAcceptAlerts: true, automationName: uiautomator2, chromeOptions: {args: []}, chromedriverExecutableDir: /appium/assets/drivers/chro..., chromedriverPorts: [[11001, 11049]], databaseEnabled: false, desired: {adbExecTimeout: 120000, appActivity: com.lambdatest.proverbial.M..., appPackage: com.lambdatest.proverbial, autoAcceptAlerts: true, automationName: uiautomator2, chromeOptions: {args: []}, chromedriverExecutableDir: /appium/assets/drivers/chro..., chromedriverPorts: [[11001, 11049]], deviceName: Galaxy S23+, headless: false, mode: cloud, nativeWebScreenshot: true, newCommandTimeout: 0, orientation: PORTRAIT, platformName: android, platformVersion: 13, skipLogcatCapture: true, systemPort: 12154, udid: RZCW20S8H4N, uiautomator2ServerLaunchTimeout: 60000, waitForQuiescence: false}, deviceApiLevel: 33, deviceManufacturer: samsung, deviceModel: SM-S916B, deviceName: RZCW20S8H4N, deviceScreenDensity: 450, deviceScreenSize: 1080x2340, deviceUDID: RZCW20S8H4N, headless: false, javascriptEnabled: true, locationContextEnabled: false, mode: cloud, nativeWebScreenshot: true, networkConnectionEnabled: true, newCommandTimeout: 0, orientation: PORTRAIT, pixelRatio: 2.8125, platform: LINUX, platformName: Android, platformVersion: 13, skipLogcatCapture: true, statBarHeight: 74, systemPort: 12154, takesScreenshot: true, udid: RZCW20S8H4N, uiautomator2ServerLaunchTimeout: 60000, viewportRect: {height: 2057, left: 0, top: 74, width: 1080}, waitForQuiescence: false, warnings: {}, webStorageEnabled: false}
Session ID: 31a09cbe-391f-43e1-b579-1f9d788697d9
	at TestNotificationAndGeoLocation.testNotificationAndGeoLocation(TestNotificationAndGeoLocation.java:51)
Caused by: org.openqa.selenium.StaleElementReferenceException: 
The element 'By.id: com.lambdatest.proverbial:id/notification' does not exist in DOM anymore
For documentation on this error, please visit: https://www.seleniumhq.org/exceptions/stale_element_reference.html
Build info: version: '3.141.59', revision: 'e82be7d358', time: '2018-11-14T08:17:03'
System info: host: 'LT-LP-227', ip: '192.168.29.232', os.name: 'Windows 11', os.arch: 'amd64', os.version: '10.0', java.version: '21.0.2'
Driver info: io.appium.java_client.AppiumDriver
Capabilities {adbExecTimeout: 120000, appActivity: com.lambdatest.proverbial.M..., appPackage: com.lambdatest.proverbial, autoAcceptAlerts: true, automationName: uiautomator2, chromeOptions: {args: []}, chromedriverExecutableDir: /appium/assets/drivers/chro..., chromedriverPorts: [[11001, 11049]], databaseEnabled: false, desired: {adbExecTimeout: 120000, appActivity: com.lambdatest.proverbial.M..., appPackage: com.lambdatest.proverbial, autoAcceptAlerts: true, automationName: uiautomator2, chromeOptions: {args: []}, chromedriverExecutableDir: /appium/assets/drivers/chro..., chromedriverPorts: [[11001, 11049]], deviceName: Galaxy S23+, headless: false, mode: cloud, nativeWebScreenshot: true, newCommandTimeout: 0, orientation: PORTRAIT, platformName: android, platformVersion: 13, skipLogcatCapture: true, systemPort: 12154, udid: RZCW20S8H4N, uiautomator2ServerLaunchTimeout: 60000, waitForQuiescence: false}, deviceApiLevel: 33, deviceManufacturer: samsung, deviceModel: SM-S916B, deviceName: RZCW20S8H4N, deviceScreenDensity: 450, deviceScreenSize: 1080x2340, deviceUDID: RZCW20S8H4N, headless: false, javascriptEnabled: true, locationContextEnabled: false, mode: cloud, nativeWebScreenshot: true, networkConnectionEnabled: true, newCommandTimeout: 0, orientation: PORTRAIT, pixelRatio: 2.8125, platform: LINUX, platformName: Android, platformVersion: 13, skipLogcatCapture: true, statBarHeight: 74, systemPort: 12154, takesScreenshot: true, udid: RZCW20S8H4N, uiautomator2ServerLaunchTimeout: 60000, viewportRect: {height: 2057, left: 0, top: 74, width: 1080}, waitForQuiescence: false, warnings: {}, webStorageEnabled: false}
Session ID: 31a09cbe-391f-43e1-b579-1f9d788697d9
	at TestNotificationAndGeoLocation.testNotificationAndGeoLocation(TestNotificationAndGeoLocation.java:47)
]]></failure>
    <system-err><![CDATA[Dec 12, 2024 1:25:01 PM io.appium.java_client.remote.AppiumCommandExecutor$1 lambda$0
INFO: Detected dialect: W3C
Dec 12, 2024 1:25:01 PM io.appium.java_client.remote.AppiumCommandExecutor$1 lambda$0
INFO: Detected dialect: W3C
Dec 12, 2024 1:25:04 PM io.appium.java_client.remote.AppiumCommandExecutor$1 lambda$0
INFO: Detected dialect: W3C
]]></system-err>
  </testcase>
  <testcase name="testTextAndToast" classname="TestTextAndToast" time="1.529"/>
  <testcase name="testChangeColor" classname="TestChangeColor" time="3.679"/>
</testsuite>