-------------------------------------------------------------------------------
Test set: TestSuite
-------------------------------------------------------------------------------
Tests run: 3, Failures: 1, Errors: 0, Skipped: 0, Time elapsed: 27.951 s <<< FAILURE! - in TestSuite
TestNotificationAndGeoLocation.testNotificationAndGeoLocation  Time elapsed: 1.277 s  <<< FAILURE!
java.lang.RuntimeException: 
Test testNotificationAndGeoLocation failed: The element 'By.id: com.lambdatest.proverbial:id/notification' does not exist in DOM anymore
For documentation on this error, please visit: https://www.seleniumhq.org/exceptions/stale_element_reference.html
Build info: version: '3.141.59', revision: 'e82be7d358', time: '2018-11-14T08:17:03'
System info: host: 'LT-LP-227', ip: '192.168.29.232', os.name: 'Windows 11', os.arch: 'amd64', os.version: '10.0', java.version: '21.0.2'
Driver info: io.appium.java_client.AppiumDriver
Capabilities {adbExecTimeout: 120000, appActivity: com.lambdatest.proverbial.M..., appPackage: com.lambdatest.proverbial, autoAcceptAlerts: true, automationName: uiautomator2, chromeOptions: {args: []}, chromedriverExecutableDir: /appium/assets/drivers/chro..., chromedriverPorts: [[11001, 11049]], databaseEnabled: false, desired: {adbExecTimeout: 120000, appActivity: com.lambdatest.proverbial.M..., appPackage: com.lambdatest.proverbial, autoAcceptAlerts: true, automationName: uiautomator2, chromeOptions: {args: []}, chromedriverExecutableDir: /appium/assets/drivers/chro..., chromedriverPorts: [[11001, 11049]], deviceName: Galaxy S23+, headless: false, mode: cloud, nativeWebScreenshot: true, newCommandTimeout: 0, orientation: PORTRAIT, platformName: android, platformVersion: 13, skipLogcatCapture: true, systemPort: 12154, udid: RZCW20S8H4N, uiautomator2ServerLaunchTimeout: 60000, waitForQuiescence: false}, deviceApiLevel: 33, deviceManufacturer: samsung, deviceModel: SM-S916B, deviceName: RZCW20S8H4N, deviceScreenDensity: 450, deviceScreenSize: 1080x2340, deviceUDID: RZCW20S8H4N, headless: false, javascriptEnabled: true, locationContextEnabled: false, mode: cloud, nativeWebScreenshot: true, networkConnectionEnabled: true, newCommandTimeout: 0, orientation: PORTRAIT, pixelRatio: 2.8125, platform: LINUX, platformName: Android, platformVersion: 13, skipLogcatCapture: true, statBarHeight: 74, systemPort: 12154, takesScreenshot: true, udid: RZCW20S8H4N, uiautomator2ServerLaunchTimeout: 60000, viewportRect: {height: 2057, left: 0, top: 74, width: 1080}, waitForQuiescence: false, warnings: {}, webStorageEnabled: false}
Session ID: 31a09cbe-391f-43e1-b579-1f9d788697d9
	at TestNotificationAndGeoLocation.testNotificationAndGeoLocation(TestNotificationAndGeoLocation.java:51)
Caused by: org.openqa.selenium.StaleElementReferenceException: 
The element 'By.id: com.lambdatest.proverbial:id/notification' does not exist in DOM anymore
For documentation on this error, please visit: https://www.seleniumhq.org/exceptions/stale_element_reference.html
Build info: version: '3.141.59', revision: 'e82be7d358', time: '2018-11-14T08:17:03'
System info: host: 'LT-LP-227', ip: '192.168.29.232', os.name: 'Windows 11', os.arch: 'amd64', os.version: '10.0', java.version: '21.0.2'
Driver info: io.appium.java_client.AppiumDriver
Capabilities {adbExecTimeout: 120000, appActivity: com.lambdatest.proverbial.M..., appPackage: com.lambdatest.proverbial, autoAcceptAlerts: true, automationName: uiautomator2, chromeOptions: {args: []}, chromedriverExecutableDir: /appium/assets/drivers/chro..., chromedriverPorts: [[11001, 11049]], databaseEnabled: false, desired: {adbExecTimeout: 120000, appActivity: com.lambdatest.proverbial.M..., appPackage: com.lambdatest.proverbial, autoAcceptAlerts: true, automationName: uiautomator2, chromeOptions: {args: []}, chromedriverExecutableDir: /appium/assets/drivers/chro..., chromedriverPorts: [[11001, 11049]], deviceName: Galaxy S23+, headless: false, mode: cloud, nativeWebScreenshot: true, newCommandTimeout: 0, orientation: PORTRAIT, platformName: android, platformVersion: 13, skipLogcatCapture: true, systemPort: 12154, udid: RZCW20S8H4N, uiautomator2ServerLaunchTimeout: 60000, waitForQuiescence: false}, deviceApiLevel: 33, deviceManufacturer: samsung, deviceModel: SM-S916B, deviceName: RZCW20S8H4N, deviceScreenDensity: 450, deviceScreenSize: 1080x2340, deviceUDID: RZCW20S8H4N, headless: false, javascriptEnabled: true, locationContextEnabled: false, mode: cloud, nativeWebScreenshot: true, networkConnectionEnabled: true, newCommandTimeout: 0, orientation: PORTRAIT, pixelRatio: 2.8125, platform: LINUX, platformName: Android, platformVersion: 13, skipLogcatCapture: true, statBarHeight: 74, systemPort: 12154, takesScreenshot: true, udid: RZCW20S8H4N, uiautomator2ServerLaunchTimeout: 60000, viewportRect: {height: 2057, left: 0, top: 74, width: 1080}, waitForQuiescence: false, warnings: {}, webStorageEnabled: false}
Session ID: 31a09cbe-391f-43e1-b579-1f9d788697d9
	at TestNotificationAndGeoLocation.testNotificationAndGeoLocation(TestNotificationAndGeoLocation.java:47)

